<?xml version="1.0" encoding="UTF-8"?>
<!-- Generated by org.testng.reporters.JUnitXMLReporter -->
<testsuite ignored="0" hostname="DESKTOP-392CL3Q" failures="0" tests="4" name="Default test" time="0.092" errors="0" timestamp="2022-05-28T13:43:42 TRT">
  <testcase classname="tests.ThirdTest" name="APISignout" time="0.011"/>
  <testcase classname="tests.ThirdTest" name="MobileLogin" time="0.005"/>
  <testcase classname="tests.ThirdTest" name="MobileSignin" time="0.003"/>
  <testcase classname="tests.ThirdTest" name="MobileSignout" time="0.005"/>
</testsuite> <!-- Default test -->
