<?xml version="1.0" encoding="UTF-8"?>
<!-- Generated by org.testng.reporters.JUnitXMLReporter -->
<testsuite hostname="DESKTOP-392CL3Q" ignored="0" name="Test" tests="6" failures="0" timestamp="2022-06-01T22:36:47 EET" time="0.081" errors="0">
  <testcase name="APITest" time="0.013" classname="rahulshattyacademy.mavenproject.APITest"/>
  <testcase name="RestAPITest" time="0.002" classname="rahulshattyacademy.mavenproject.APITest"/>
  <testcase name="MobileTest" time="0.001" classname="rahulshattyacademy.mavenproject.AppiumTest"/>
  <testcase name="NewAppiumTest" time="0.002" classname="rahulshattyacademy.mavenproject.AppiumTest"/>
  <testcase name="PlaywrightTest" time="0.001" classname="rahulshattyacademy.mavenproject.SeleniumTest"/>
  <testcase name="SeleniumTest" time="0.002" classname="rahulshattyacademy.mavenproject.SeleniumTest"/>
</testsuite> <!-- Test -->
