<?xml version="1.0" encoding="UTF-8"?>
<testng-results ignored="0" total="1" passed="1" failed="0" skipped="0">
  <reporter-output>
  </reporter-output>
  <suite started-at="2022-06-07T16:23:06 TRT" name="Default suite" finished-at="2022-06-07T16:23:25 TRT" duration-ms="18748">
    <groups>
    </groups>
    <test started-at="2022-06-07T16:23:06 TRT" name="Default test" finished-at="2022-06-07T16:23:25 TRT" duration-ms="18748">
      <class name="TestCases.loginApp">
        <test-method signature="Login()[pri:0, instance:TestCases.loginApp@59d016c9]" started-at="2022-06-07T16:23:06 TRT" name="Login" finished-at="2022-06-07T16:23:25 TRT" duration-ms="18693" status="PASS">
          <reporter-output>
          </reporter-output>
        </test-method> <!-- Login -->
      </class> <!-- TestCases.loginApp -->
    </test> <!-- Default test -->
  </suite> <!-- Default suite -->
</testng-results>
