<?xml version="1.0" encoding="UTF-8"?>
<testng-results ignored="0" total="2" passed="2" failed="0" skipped="0">
  <reporter-output>
  </reporter-output>
  <suite started-at="2022-07-10T17:25:36 TRT" name="Suite" finished-at="2022-07-10T17:26:49 TRT" duration-ms="72937">
    <groups>
    </groups>
    <test started-at="2022-07-10T17:25:36 TRT" name="Test" finished-at="2022-07-10T17:26:49 TRT" duration-ms="72937">
      <class name="GoogleTest">
        <test-method signature="HomePageCheck()[pri:0, instance:GoogleTest@5ace1ed4]" started-at="2022-07-10T17:25:36 TRT" name="HomePageCheck" finished-at="2022-07-10T17:26:05 TRT" duration-ms="29549" status="PASS">
          <reporter-output>
          </reporter-output>
        </test-method> <!-- HomePageCheck -->
      </class> <!-- GoogleTest -->
      <class name="RSATest">
        <test-method signature="HomePageCheck()[pri:0, instance:RSATest@74455848]" started-at="2022-07-10T17:25:36 TRT" name="HomePageCheck" finished-at="2022-07-10T17:26:49 TRT" duration-ms="72861" status="PASS">
          <reporter-output>
          </reporter-output>
        </test-method> <!-- HomePageCheck -->
      </class> <!-- RSATest -->
    </test> <!-- Test -->
  </suite> <!-- Suite -->
</testng-results>
