<?xml version="1.0" encoding="UTF-8"?>
<!-- Generated by org.testng.reporters.JUnitXMLReporter -->
<testsuite ignored="1" hostname="DESKTOP-392CL3Q" failures="0" tests="3" name="Car loan" time="0.02" errors="0" timestamp="2022-05-28T13:52:31 TRT">
  <testcase classname="tests.ThirdTest" name="MobileLogin" time="0.004"/>
  <testcase classname="tests.ThirdTest" name="MobileSignin" time="0.002"/>
  <testcase classname="tests.ThirdTest" name="MobileSignout" time="0.002"/>
  <testcase classname="tests.ThirdTest" name="APISignout" time="0.0">
    <ignored/>
  </testcase> <!-- APISignout -->
</testsuite> <!-- Car loan -->
