<?xml version="1.0" encoding="UTF-8"?>
<!-- Generated by org.testng.reporters.JUnitXMLReporter -->
<testsuite ignored="1" hostname="DESKTOP-392CL3Q" failures="0" tests="5" name="Personal loan" time="0.114" errors="0" timestamp="2022-05-28T13:52:31 TRT">
  <testcase classname="tests.FirstTest" name="Demo" time="0.012"/>
  <testcase classname="tests.SecondTest" name="Second" time="0.001"/>
  <testcase classname="tests.FourthTest" name="APILoginLoan" time="0.006"/>
  <testcase classname="tests.FourthTest" name="MobileLoginLoan" time="0.006"/>
  <testcase classname="tests.FourthTest" name="WebLoginLoan" time="0.003"/>
  <testcase classname="tests.FirstTest" name="SecondTest" time="0.0">
    <ignored/>
  </testcase> <!-- SecondTest -->
</testsuite> <!-- Personal loan -->
