<?xml version="1.0" encoding="UTF-8"?>
<!-- Generated by org.testng.reporters.JUnitXMLReporter -->
<testsuite ignored="3" hostname="DESKTOP-392CL3Q" failures="0" tests="7" name="Regression" time="0.15" errors="0" timestamp="2022-05-28T14:05:07 TRT">
  <testcase classname="tests.FirstTest" name="Demo" time="0.008"/>
  <testcase classname="tests.FirstTest" name="SecondTest" time="0.005"/>
  <testcase classname="tests.FourthTest" name="APILoginLoan" time="0.006"/>
  <testcase classname="tests.FourthTest" name="WebLoginLoan" time="0.004"/>
  <testcase classname="tests.ThirdTest" name="APISignout" time="0.001"/>
  <testcase classname="tests.ThirdTest" name="MobileSignin" time="0.005"/>
  <testcase classname="tests.ThirdTest" name="MobileSignout" time="0.001"/>
  <testcase classname="tests.SecondTest" name="Second" time="0.0">
    <ignored/>
  </testcase> <!-- Second -->
  <testcase classname="tests.ThirdTest" name="MobileLogin" time="0.0">
    <ignored/>
  </testcase> <!-- MobileLogin -->
  <testcase classname="tests.FourthTest" name="MobileLoginLoan" time="0.0">
    <ignored/>
  </testcase> <!-- MobileLoginLoan -->
</testsuite> <!-- Regression -->
