<?xml version="1.0" encoding="UTF-8"?>
<!-- Generated by org.testng.reporters.JUnitXMLReporter -->
<testsuite ignored="0" hostname="DESKTOP-392CL3Q" failures="0" tests="6" name="Test" time="0.078" errors="0" timestamp="2022-05-28T12:11:53 TRT">
  <testcase classname="tests.FirstTest" name="Demo" time="0.009"/>
  <testcase classname="tests.FirstTest" name="SecondTest" time="0.003"/>
  <testcase classname="tests.SecondTest" name="Second" time="0.001"/>
  <testcase classname="tests.ThirdTest" name="APILogin" time="0.001"/>
  <testcase classname="tests.ThirdTest" name="MobileLogin" time="0.002"/>
  <testcase classname="tests.ThirdTest" name="WebLogin" time="0.002"/>
</testsuite> <!-- Test -->
