<?xml version="1.0" encoding="UTF-8"?>
<testng-results ignored="0" total="2" passed="2" failed="0" skipped="0">
  <reporter-output>
  </reporter-output>
  <suite started-at="2022-06-11T22:55:21 TRT" name="Suite" finished-at="2022-06-11T22:55:21 TRT" duration-ms="65">
    <groups>
    </groups>
    <test started-at="2022-06-11T22:55:21 TRT" name="Test" finished-at="2022-06-11T22:55:21 TRT" duration-ms="65">
      <class name="rahulshattyacademy.mavenproject.APITest">
        <test-method signature="APITest()[pri:0, instance:rahulshattyacademy.mavenproject.APITest@40ef3420]" started-at="2022-06-11T22:55:21 TRT" name="APITest" finished-at="2022-06-11T22:55:21 TRT" duration-ms="14" status="PASS">
          <reporter-output>
          </reporter-output>
        </test-method> <!-- APITest -->
        <test-method signature="RestAPITest()[pri:0, instance:rahulshattyacademy.mavenproject.APITest@40ef3420]" started-at="2022-06-11T22:55:21 TRT" name="RestAPITest" finished-at="2022-06-11T22:55:21 TRT" duration-ms="2" status="PASS">
          <reporter-output>
          </reporter-output>
        </test-method> <!-- RestAPITest -->
      </class> <!-- rahulshattyacademy.mavenproject.APITest -->
    </test> <!-- Test -->
  </suite> <!-- Suite -->
</testng-results>
